{
  "stats": {
    "suites": 1,
    "tests": 1,
    "passes": 1,
    "pending": 0,
    "failures": 0,
    "start": "2024-11-21T13:10:07.383Z",
    "end": "2024-11-21T13:10:10.717Z",
    "duration": 3334,
    "testsRegistered": 1,
    "passPercent": 100,
    "pendingPercent": 0,
    "other": 0,
    "hasOther": false,
    "skipped": 0,
    "hasSkipped": false
  },
  "results": [
    {
      "uuid": "802ac39e-0e81-4e79-9e85-6ae7283b8d39",
      "title": "",
      "fullFile": "cypress\\e2e\\cypress\\e2e\\upload_DownloadFile.cy.js",
      "file": "cypress\\e2e\\cypress\\e2e\\upload_DownloadFile.cy.js",
      "beforeHooks": [],
      "afterHooks": [],
      "tests": [],
      "suites": [
        {
          "uuid": "dc8e2b69-b176-4de4-9971-8265d4a09481",
          "title": "reading file in cypress",
          "fullFile": "",
          "file": "",
          "beforeHooks": [],
          "afterHooks": [],
          "tests": [
            {
              "title": "testing multiple login",
              "fullTitle": "reading file in cypress testing multiple login",
              "timedOut": null,
              "duration": 699,
              "state": "passed",
              "speed": "fast",
              "pass": true,
              "fail": false,
              "pending": false,
              "context": null,
              "code": "cy.visit('https://trytestingthis.netlify.app');\ncy.get('#myfile').attachFile('Messi_inArsenal.jfif');\ncy.fixture('example.json').then(data => {\n  cy.log(data.name);\n  cy.log(data.email);\n});",
              "err": {},
              "uuid": "3588845c-3395-49d8-afe2-e8728773e988",
              "parentUUID": "dc8e2b69-b176-4de4-9971-8265d4a09481",
              "isHook": false,
              "skipped": false
            }
          ],
          "suites": [],
          "passes": [
            "3588845c-3395-49d8-afe2-e8728773e988"
          ],
          "failures": [],
          "pending": [],
          "skipped": [],
          "duration": 699,
          "root": false,
          "rootEmpty": false,
          "_timeout": 2000
        }
      ],
      "passes": [],
      "failures": [],
      "pending": [],
      "skipped": [],
      "duration": 0,
      "root": true,
      "rootEmpty": true,
      "_timeout": 2000
    }
  ],
  "meta": {
    "mocha": {
      "version": "7.0.1"
    },
    "mochawesome": {
      "options": {
        "quiet": false,
        "reportFilename": "mochawesome",
        "saveHtml": true,
        "saveJson": true,
        "consoleReporter": "spec",
        "useInlineDiffs": false,
        "code": true
      },
      "version": "7.1.3"
    },
    "marge": {
      "options": {
        "reportDir": "cypress/reports",
        "overwrite": false,
        "html": true,
        "json": true,
        "charts": true,
        "reportTitle": "Test Report"
      },
      "version": "6.2.0"
    }
  }
}