{
  "stats": {
    "suites": 0,
    "tests": 1,
    "passes": 1,
    "pending": 0,
    "failures": 0,
    "start": "2024-11-22T07:48:42.514Z",
    "end": "2024-11-22T07:49:05.694Z",
    "duration": 23180,
    "testsRegistered": 1,
    "passPercent": 100,
    "pendingPercent": 0,
    "other": 0,
    "hasOther": false,
    "skipped": 0,
    "hasSkipped": false
  },
  "results": [
    {
      "uuid": "fb972e2d-1b7f-4d83-911b-014c34319969",
      "title": "",
      "fullFile": "cypress\\e2e\\cypress\\e2e\\Login.cy.js",
      "file": "cypress\\e2e\\cypress\\e2e\\Login.cy.js",
      "beforeHooks": [],
      "afterHooks": [],
      "tests": [
        {
          "title": "Login to OpexA",
          "fullTitle": "Login to OpexA",
          "timedOut": null,
          "duration": 15295,
          "state": "passed",
          "speed": "slow",
          "pass": true,
          "fail": false,
          "pending": false,
          "context": null,
          "code": "login.navigate('https://opexa-user-client-staging-833597492714.us-central1.run.app/');\ncy.wait(10000);\nlogin.homepage_login();\nlogin.Username('qatester@opexconsult.co.uk');\nlogin.Password('Testqa1101');\nlogin.clickLogin();",
          "err": {},
          "uuid": "c55b72e0-2dfc-49c7-9474-dee3ad5216bb",
          "parentUUID": "fb972e2d-1b7f-4d83-911b-014c34319969",
          "isHook": false,
          "skipped": false
        }
      ],
      "suites": [],
      "passes": [
        "c55b72e0-2dfc-49c7-9474-dee3ad5216bb"
      ],
      "failures": [],
      "pending": [],
      "skipped": [],
      "duration": 15295,
      "root": true,
      "rootEmpty": false,
      "_timeout": 2000
    }
  ],
  "meta": {
    "mocha": {
      "version": "7.0.1"
    },
    "mochawesome": {
      "options": {
        "quiet": false,
        "reportFilename": "mochawesome",
        "saveHtml": true,
        "saveJson": true,
        "consoleReporter": "spec",
        "useInlineDiffs": false,
        "code": true
      },
      "version": "7.1.3"
    },
    "marge": {
      "options": {
        "reportDir": "cypress/reports",
        "overwrite": false,
        "html": true,
        "json": true,
        "charts": true,
        "reportTitle": "Test Report"
      },
      "version": "6.2.0"
    }
  }
}